24-9-17 18:26:01 - Warn: Rescan Sensor: 24799
24-9-17 18:34:33 - Warn: Rescan Sensor: 24799
24-9-17 18:34:34 - Warn: Rescan Sensor: 24799
24-9-17 18:34:35 - Warn: Rescan Sensor: 24799
2017-09-24 18:40:32 - Warn: Rescan Sensor: 24799
2017-09-24 18:40:34 - Warn: Rescan Sensor: 24799
2017-09-24 18:41:12.12 - Warn: Rescan Sensor: 24799
2017-09-24 18:41:14.14 - Warn: Rescan Sensor: 24799
2017-09-24 18:41:25.25 - Warn: Rescan Sensor: 24799
2017-09-24 18:41:26.26 - Warn: Rescan Sensor: 24799
2017-09-24 18:46:07.628 - Warn: Rescan Sensor: 24799
2017-09-24 18:46:29.552 - Warn: Rescan Sensor: 24799
2017-09-24 18:56:43.060 - Warn: Reboot Gateway: 6
2017-09-24 18:57:10.905 - Warn: Reboot Gateway: 6
2017-09-24 18:59:20.499 - Warn: Rescan Sensor: 15959
2017-09-24 18:59:27.388 - Warn: Rescan Sensor: 61746
2017-09-24 19:07:47.344 - Warn: Reboot Gateway: 6
2017-09-24 19:08:23.994 - Warn: Reboot Gateway: 6
2017-09-24 19:08:26.162 - Warn: Tx-Repeat -> Sensor:24799
2017-09-24 19:13:03.116 - Warn: Reboot Gateway: 6
2017-09-24 19:27:55.810 - Warn: Rescan Sensor: 24799
2017-09-24 19:36:37.816 - Warn: Rescan Sensor: 24799
2017-09-24 19:51:46.333 - Warn: Rescan Sensor: 24799
2017-09-24 19:51:47.331 - Warn: Rescan Sensor: 24799
2017-09-24 19:51:48.831 - Warn: Rescan Sensor: 24799
2017-09-24 19:58:43.446 - Warn: Reboot Gateway: 6
2017-09-24 19:59:42.924 - Warn: Tx-Repeat -> Sensor:15959
2017-09-24 20:03:46.978 - Warn:  Reboot Gateway: 6
2017-09-25 18:52:43.836 - Warn:  Reboot Gateway: 6
2017-09-25 18:54:59.306 - Warn:  Reboot Gateway: 6
2017-09-25 18:54:59.306 - Warn:  Tx-Repeat -> Sensor:61746
2017-09-25 18:54:59.307 - Warn:  Tx-Repeat -> Sensor:15959
2017-09-25 18:57:14.819 - Warn:  Reboot Gateway: 6
2017-09-25 18:57:14.826 - Warn:  Tx-Repeat -> Sensor:24799
2017-09-25 21:07:15.576 - Warn:  Reboot Gateway: 6
2017-09-25 21:10:18.385 - Warn:  Reboot Gateway: 6
2017-09-25 21:19:14.967 - Warn:  Rescan Sensor: 24799
2017-09-25 21:19:36.426 - Warn:  Rescan Sensor: 15959
2017-09-25 21:19:57.674 - Warn:  Rescan Sensor: 61746
2017-09-29 07:41:58.234 - Warn:  Rescan Sensor: 24799
2017-09-29 18:24:03.586 - Warn:  Reboot Gateway: 6
2017-09-29 18:24:55.060 - Warn:  Reboot Gateway: 6
2017-09-29 18:26:27.925 - Warn:  Reboot Gateway: 6
2017-09-29 18:26:53.851 - Warn:  Reboot Gateway: 6
2017-09-29 18:27:41.024 - Warn:  Reboot Gateway: 6
2017-09-29 18:27:48.624 - Warn:  Tx-Repeat -> Sensor:61746
2017-09-29 18:27:52.237 - Warn:  Tx-Repeat -> Sensor:24799
2017-09-29 18:28:40.405 - Warn:  Reboot Gateway: 6
2017-09-29 18:29:12.957 - Warn:  Tx-Repeat -> Sensor:15959
2017-09-29 18:29:44.301 - Warn:  Tx-Repeat -> Sensor:61746
2017-09-29 18:30:43.246 - Warn:  Reboot Gateway: 6
2017-09-29 18:31:31.960 - Warn:  Reboot Gateway: 6
2017-09-29 18:32:14.035 - Warn:  Reboot Gateway: 6
2017-09-29 18:32:48.355 - Warn:  Reboot Gateway: 6
2017-09-29 18:33:46.186 - Warn:  Tx-Repeat -> Sensor:24799
2017-09-29 18:40:30.581 - Warn:  Reboot Gateway: 6
2017-09-29 18:41:21.279 - Warn:  Reboot Gateway: 6
2017-09-29 18:50:41.072 - Warn:  Reboot Gateway: 6
2017-09-29 18:53:25.085 - Warn:  Tx-Repeat -> Sensor:24799
2017-09-29 18:53:56.207 - Warn:  Tx-Repeat -> Sensor:15959
2017-09-29 18:54:28.512 - Warn:  Tx-Repeat -> Sensor:61746
2017-09-30 07:03:30.833 - Warn:  Rescan Sensor: 24799
2017-09-30 07:51:44.354 - Warn:  Reboot Gateway: 6
2017-09-30 07:53:38.427 - Warn:  Reboot Gateway: 6
2017-09-30 07:53:49.157 - Warn:  Tx-Repeat -> Sensor:24799
2017-09-30 07:54:42.818 - Warn:  Reboot Gateway: 6
2017-09-30 08:07:59.554 - Warn:  Reboot Gateway: 6
2017-09-30 08:08:39.647 - Warn:  Tx-Repeat -> Sensor:15959
2017-09-30 08:09:33.540 - Warn:  Tx-Repeat -> Sensor:24799
2017-09-30 08:10:44.190 - Warn:  Tx-Repeat -> Sensor:61746
2017-09-30 08:18:04.755 - Warn:  Reboot Gateway: 6
2017-09-30 11:33:43.716 - Warn:  Reboot Gateway: 6
2017-09-30 11:34:21.909 - Warn:  Reboot Gateway: 6
2017-09-30 11:49:47.931 - Warn:  Reboot Gateway: 6
2017-09-30 11:49:53.359 - Warn:  Tx-Repeat -> Sensor:24799
2017-09-30 11:59:42.459 - Warn:  Reboot Gateway: 6
2017-09-30 12:00:25.630 - Warn:  Reboot Gateway: 6
2017-09-30 12:00:42.552 - Warn:  Tx-Repeat -> Sensor:24799
2017-09-30 12:00:43.100 - Warn:  Tx-Repeat -> Sensor:61746
2017-09-30 12:02:49.819 - Warn:  Reboot Gateway: 6
2017-09-30 12:03:30.875 - Warn:  Reboot Gateway: 6
2017-09-30 12:05:23.308 - Warn:  Reboot Gateway: 6
2017-09-30 12:17:27.681 - Warn:  Reboot Gateway: 6
2017-09-30 12:17:42.983 - Warn:  Reboot Gateway: 6
2017-09-30 12:18:26.437 - Warn:  Reboot Gateway: 6
2017-09-30 12:19:23.449 - Warn:  Reboot Gateway: 6
2017-09-30 12:19:23.470 - Warn:  Tx-Repeat -> Sensor:24799
2017-09-30 12:19:34.867 - Warn:  Tx-Repeat -> Sensor:61746
2017-09-30 12:20:26.455 - Warn:  Reboot Gateway: 6
2017-09-30 12:22:14.590 - Warn:  Reboot Gateway: 6
2017-09-30 12:23:41.295 - Warn:  Reboot Gateway: 6
2017-09-30 12:24:37.226 - Warn:  Reboot Gateway: 6
2017-09-30 12:24:52.835 - Warn:  Rescan Sensor: 24799
2017-09-30 12:26:30.075 - Warn:  Reboot Gateway: 6
2017-09-30 12:27:24.930 - Warn:  Reboot Gateway: 6
2017-09-30 12:30:21.563 - Warn:  Reboot Gateway: 6
2017-09-30 12:30:44.352 - Warn:  Reboot Gateway: 6
2017-09-30 12:31:14.334 - Warn:  Reboot Gateway: 6
2017-09-30 12:31:51.440 - Warn:  Tx-Repeat -> Sensor:24799
2017-09-30 12:32:15.008 - Warn:  Reboot Gateway: 6
2017-09-30 12:33:48.398 - Warn:  Reboot Gateway: 6
2017-09-30 12:35:15.581 - Warn:  Reboot Gateway: 6
2017-09-30 12:35:45.652 - Warn:  Reboot Gateway: 6
2017-09-30 12:39:30.551 - Warn:  Reboot Gateway: 6
2017-09-30 12:40:00.564 - Warn:  Reboot Gateway: 6
2017-09-30 12:48:15.577 - Warn:  Reboot Gateway: 6
2017-09-30 12:54:10.478 - Warn:  Reboot Gateway: 6
2017-09-30 12:55:09.814 - Warn:  Reboot Gateway: 6
2017-09-30 12:55:24.621 - Warn:  Tx-Repeat -> Sensor:24799
2017-09-30 13:14:53.139 - Warn:  Reboot Gateway: 6
2017-09-30 13:15:03.398 - Warn:  Tx-Repeat -> Sensor:24799
2017-09-30 13:16:06.980 - Warn:  Tx-Repeat -> Sensor:15959
2017-09-30 13:18:27.872 - Warn:  Rescan Sensor: 61746
2017-09-30 16:36:33.719 - Warn:  Reboot Gateway: 6
2017-09-30 16:38:23.830 - Warn:  Reboot Gateway: 6
2017-09-30 16:38:52.168 - Warn:  Reboot Gateway: 6
2017-09-30 16:39:55.229 - Warn:  Reboot Gateway: 6
2017-09-30 16:41:53.334 - Warn:  Reboot Gateway: 6
2017-09-30 16:43:05.483 - Warn:  Reboot Gateway: 6
2017-09-30 16:56:27.688 - Warn:  Reboot Gateway: 6
2017-09-30 16:58:28.089 - Warn:  Reboot Gateway: 6
2017-09-30 16:58:57.405 - Warn:  Reboot Gateway: 6
2017-09-30 17:00:52.169 - Warn:  Reboot Gateway: 6
2017-09-30 17:05:24.503 - Warn:  Reboot Gateway: 6
2017-09-30 17:05:24.509 - Log:   Wifi-Kanal0
2017-09-30 17:10:30.687 - Warn:  Reboot Gateway: 6
2017-09-30 17:10:30.692 - Log:   Wifi-Kanal: 3
2017-09-30 17:18:47.235 - Warn:  Rescan Sensor: 15959
2017-09-30 17:19:56.306 - Warn:  Reboot Gateway: 6
2017-09-30 17:19:56.406 - Log:   Wifi-Kanal: 3
2017-09-30 17:20:42.404 - Warn:  Reboot Gateway: 6
2017-09-30 17:20:42.507 - Log:   Wifi-Kanal: 13
2017-09-30 17:21:11.036 - Warn:  Rescan Sensor: 24799
2017-09-30 17:21:11.538 - Warn:  Rescan Sensor: 24799
2017-09-30 17:22:05.517 - Warn:  Rescan Sensor: 61746
2017-09-30 17:22:06.521 - Warn:  Rescan Sensor: 61746
2017-09-30 17:23:04.691 - Warn:  Reboot Gateway: 6
2017-09-30 17:23:04.794 - Log:   Wifi-Kanal: 2
2017-09-30 17:30:34.607 - Warn:  Reboot Gateway: 6
2017-09-30 17:30:34.708 - Log:   Wifi-Kanal: 2
2017-09-30 17:31:19.541 - Warn:  Reboot Gateway: 6
2017-09-30 17:31:19.641 - Log:   Wifi-Kanal: 2
2017-09-30 17:33:27.822 - Warn:  Reboot Gateway: 6
2017-09-30 17:33:27.924 - Log:   Wifi-Kanal: 2
2017-09-30 17:34:00.226 - Log:   Wifi-Kanal: 8
2017-09-30 17:35:58.784 - Warn:  Tx-Repeat -> Sensor:24799
2017-09-30 18:33:36.065 - Warn:  Reboot Gateway: 6
2017-09-30 18:33:36.165 - Log:   Wifi-Kanal: 2
2017-09-30 18:34:14.461 - Log:   Wifi-Kanal: 13
2017-09-30 18:35:15.116 - Log:   Wifi-Kanal: 1
2017-09-30 18:36:29.539 - Warn:  Rescan Sensor: 15959
2017-09-30 18:36:54.955 - Warn:  Reboot Gateway: 6
2017-09-30 18:36:55.055 - Log:   Wifi-Kanal: 2
2017-09-30 18:39:17.567 - Warn:  Reboot Gateway: 6
2017-09-30 18:39:17.663 - Log:   Wifi-Kanal: 2
2017-09-30 18:39:54.328 - Warn:  Reboot Gateway: 6
2017-09-30 18:39:54.426 - Log:   Wifi-Kanal: 2
2017-09-30 18:43:39.380 - Warn:  Reboot Gateway: 6
2017-09-30 18:43:39.478 - Log:   Wifi-Kanal: 2
2017-09-30 18:44:04.017 - Log:   Wifi-Kanal: 11
2017-09-30 18:44:42.900 - Log:   Wifi-Kanal: 3
2017-09-30 18:46:07.814 - Warn:  Tx-Repeat -> Sensor:61746
2017-09-30 18:46:27.759 - Warn:  Reboot Gateway: 6
2017-09-30 18:46:27.855 - Log:   Wifi-Kanal: 2
2017-09-30 18:46:42.839 - Log:   Wifi-Kanal: 7
2017-09-30 18:47:10.287 - Warn:  Reboot Gateway: 6
2017-09-30 18:47:10.388 - Log:   Wifi-Kanal: 7
2017-09-30 18:52:09.631 - Warn:  Reboot Gateway: 6
2017-09-30 18:52:09.734 - Log:   Wifi-Kanal: 7
2017-09-30 18:53:03.983 - Warn:  Rescan Sensor: 24799
2017-09-30 18:53:04.482 - Warn:  Rescan Sensor: 24799
2017-09-30 18:58:52.770 - Log:   Wifi-Kanal: 7
2017-09-30 19:00:02.265 - Warn:  Reboot Gateway: 6
2017-09-30 19:00:02.363 - Log:   Wifi-Kanal: 7
2017-09-30 19:04:17.064 - Warn:  Reboot Gateway: 6
2017-09-30 19:04:17.161 - Log:   Wifi-Kanal: 7
2017-09-30 19:04:45.238 - Warn:  Reboot Gateway: 6
2017-09-30 19:04:45.338 - Log:   Wifi-Kanal: 7
2017-09-30 19:05:02.234 - Warn:  Reboot Gateway: 6
2017-09-30 19:05:02.333 - Log:   Wifi-Kanal: 7
2017-09-30 19:05:31.525 - Warn:  Reboot Gateway: 6
2017-09-30 19:05:31.624 - Log:   Wifi-Kanal: 7
2017-09-30 19:05:39.157 - Log:   Wifi-Kanal: 7
2017-09-30 19:06:43.781 - Warn:  Reboot Gateway: 6
2017-09-30 19:06:43.883 - Log:   Wifi-Kanal: 7
2017-09-30 19:07:10.334 - Warn:  Reboot Gateway: 6
2017-09-30 19:07:10.434 - Log:   Wifi-Kanal: 7
2017-09-30 19:08:53.440 - Warn:  Tx-Repeat -> Sensor:24799
2017-09-30 19:54:18.093 - Warn:  Rescan Sensor: 15959
2017-10-02 08:02:08.156 - Warn:  Reboot Gateway: 6
2017-10-02 08:02:08.258 - Log:   Wifi-Kanal: 7
2017-10-02 08:02:35.432 - Warn:  Tx-Repeat -> Sensor:61746
2017-10-04 00:00:02.690 - Warn:  Rescan Sensor: 61746
2017-10-04 17:24:12.007 - Warn:  Rescan Sensor: 24799
2017-10-04 17:24:12.507 - Warn:  Rescan Sensor: 24799
2017-10-05 17:39:40.798 - Warn:  Rescan Sensor: 24799
2017-10-05 17:39:41.297 - Warn:  Rescan Sensor: 24799
2017-10-06 14:36:04.946 - Warn:  Rescan Sensor: 24799
2017-10-07 07:25:05.640 - Warn:  Rescan Sensor: 24799
2017-10-08 07:41:18.479 - Warn:  Rescan Sensor: 24799
2017-10-09 07:27:49.363 - Warn:  Tx-Repeat -> Sensor:15959
2017-10-09 14:09:10.625 - Warn:  Tx-Repeat -> Sensor:15959
2017-10-09 17:10:36.646 - Warn:  Rescan Sensor: 24799
2017-10-09 19:28:14.378 - Warn:  Reboot Gateway: 6
2017-10-09 19:28:14.478 - Log:   Wifi-Kanal: 7
2017-10-09 19:28:29.386 - Warn:  Tx-Repeat -> Sensor:24799
2017-10-09 19:29:27.228 - Warn:  Reboot Gateway: 6
2017-10-09 19:29:27.328 - Log:   Wifi-Kanal: 7
2017-10-09 19:37:41.609 - Warn:  Reboot Gateway: 6
2017-10-09 19:37:41.709 - Log:   Wifi-Kanal: 7
2017-10-11 20:51:18.012 - Warn:  Reboot Gateway: 6
2017-10-11 20:51:18.110 - Log:   Wifi-Kanal: 7
2017-10-11 20:52:16.018 - Warn:  Tx-Repeat -> Sensor:24799
2017-10-11 21:42:12.558 - Warn:  Reboot Gateway: 6
2017-10-11 21:42:12.657 - Log:   Wifi-Kanal: 7
2017-10-11 22:09:26.724 - Warn:  Rescan Sensor: 24799
2017-10-11 22:44:27.155 - Warn:  Rescan Sensor: 15959
2017-10-12 19:25:29.761 - Warn:  Reboot Gateway: 6
2017-10-12 19:52:52.257 - Warn:  Reboot Gateway: 6
2017-10-12 19:52:52.360 - Log:   Wifi-Kanal: 7
2017-10-12 19:53:43.550 - Warn:  Reboot Gateway: 6
2017-10-12 19:53:43.653 - Log:   Wifi-Kanal: 7
2017-10-12 19:54:20.035 - Warn:  Reboot Gateway: 6
2017-10-12 19:54:20.137 - Log:   Wifi-Kanal: 7
2017-10-12 19:55:50.963 - Warn:  Reboot Gateway: 6
2017-10-12 19:55:51.064 - Log:   Wifi-Kanal: 7
2017-10-12 19:57:13.868 - Warn:  Reboot Gateway: 6
2017-10-12 19:57:13.970 - Log:   Wifi-Kanal: 7
2017-10-12 19:59:34.034 - Warn:  Reboot Gateway: 6
2017-10-12 19:59:34.136 - Log:   Wifi-Kanal: 7
2017-10-12 20:10:23.862 - Warn:  Reboot Gateway: 6
2017-10-12 20:10:23.962 - Log:   Wifi-Kanal: 7
2017-10-12 20:10:32.688 - Warn:  Tx-Repeat -> Sensor:24799
2017-10-12 20:36:14.585 - Warn:  Rescan Sensor: 15959
2017-10-13 14:34:46.910 - Warn:  Rescan Sensor: 24799
2017-10-13 22:12:22.220 - Warn:  Reboot Gateway: 6
2017-10-13 22:12:22.321 - Log:   Wifi-Kanal: 7
2017-10-13 22:31:35.678 - Warn:  Rescan Sensor: 15959
2017-10-13 22:31:36.181 - Warn:  Rescan Sensor: 15959
2017-10-13 22:31:36.678 - Warn:  Rescan Sensor: 15959
2017-10-14 07:54:24.634 - Warn:  Rescan Sensor: 24799
2017-10-14 07:54:25.138 - Warn:  Rescan Sensor: 24799
2017-10-14 14:12:53.289 - Warn:  Reboot Gateway: 6
2017-10-14 14:12:53.391 - Log:   Wifi-Kanal: 7
2017-10-14 14:19:05.906 - Warn:  Reboot Gateway: 6
2017-10-14 14:19:06.007 - Log:   Wifi-Kanal: 7
2017-10-14 14:19:28.715 - Warn:  Tx-Repeat -> Sensor:24799
2017-10-14 14:23:11.612 - Warn:  Reboot Gateway: 6
2017-10-14 14:23:11.714 - Log:   Wifi-Kanal: 7
2017-10-14 14:24:05.884 - Warn:  Reboot Gateway: 6
2017-10-14 14:24:05.986 - Log:   Wifi-Kanal: 7
2017-10-14 19:29:11.244 - Warn:  Reboot Gateway: 6
2017-10-14 19:29:11.344 - Log:   Wifi-Kanal: 7
2017-10-14 19:30:59.787 - Warn:  Reboot Gateway: 6
2017-10-14 19:30:59.891 - Log:   Wifi-Kanal: 7
2017-10-14 19:31:56.419 - Warn:  Reboot Gateway: 6
2017-10-14 19:31:56.521 - Log:   Wifi-Kanal: 7
2017-10-14 19:40:48.531 - Warn:  Reboot Gateway: 6
2017-10-14 19:40:48.633 - Log:   Wifi-Kanal: 7
2017-10-14 19:41:23.352 - Warn:  Tx-Repeat -> Sensor:24799
2017-10-14 19:41:57.286 - Warn:  Tx-Repeat -> Sensor:15959
2017-10-14 19:43:45.969 - Warn:  Reboot Gateway: 6
2017-10-14 19:43:46.072 - Log:   Wifi-Kanal: 7
2017-10-14 19:46:36.559 - Warn:  Reboot Gateway: 6
2017-10-14 19:46:36.662 - Log:   Wifi-Kanal: 7
2017-10-14 19:47:42.685 - Warn:  Reboot Gateway: 6
2017-10-14 19:47:42.788 - Log:   Wifi-Kanal: 7
2017-10-14 19:48:01.246 - Warn:  Tx-Repeat -> Sensor:15959
2017-10-14 19:48:20.636 - Warn:  Tx-Repeat -> Sensor:24799
2017-10-14 19:51:11.030 - Warn:  Tx-Repeat -> Sensor:15959
2017-10-14 19:51:11.031 - Warn:  Tx-Repeat -> Sensor:24799
2017-10-14 19:51:11.031 - Warn:  Tx-Repeat -> Sensor:15959
2017-10-14 19:54:20.726 - Warn:  Reboot Gateway: 6
2017-10-14 19:54:20.830 - Log:   Wifi-Kanal: 7
2017-10-14 19:56:51.895 - Warn:  Reboot Gateway: 6
2017-10-14 19:56:51.997 - Log:   Wifi-Kanal: 7
2017-10-14 19:59:20.146 - Warn:  Reboot Gateway: 6
2017-10-14 19:59:20.248 - Log:   Wifi-Kanal: 7
2017-10-14 19:59:53.692 - Warn:  Reboot Gateway: 6
2017-10-14 19:59:53.794 - Log:   Wifi-Kanal: 7
2017-10-14 20:00:01.421 - Warn:  Tx-Repeat -> Sensor:24799
2017-10-14 20:01:06.507 - Warn:  Reboot Gateway: 6
2017-10-14 20:01:06.609 - Log:   Wifi-Kanal: 7
2017-10-14 20:03:46.020 - Warn:  Reboot Gateway: 6
2017-10-14 20:03:46.122 - Log:   Wifi-Kanal: 7
2017-10-14 20:04:52.378 - Warn:  Reboot Gateway: 6
2017-10-14 20:04:52.480 - Log:   Wifi-Kanal: 7
2017-10-14 20:06:44.383 - Warn:  Reboot Gateway: 6
2017-10-14 20:06:44.485 - Log:   Wifi-Kanal: 7
2017-10-14 20:09:06.880 - Warn:  Reboot Gateway: 6
2017-10-14 20:09:06.984 - Log:   Wifi-Kanal: 7
2017-10-14 20:10:48.511 - Warn:  Reboot Gateway: 6
2017-10-14 20:10:48.611 - Log:   Wifi-Kanal: 7
2017-10-14 20:10:51.353 - Warn:  Tx-Repeat -> Sensor:24799
2017-10-14 20:13:49.538 - Warn:  Reboot Gateway: 6
2017-10-14 20:13:49.636 - Log:   Wifi-Kanal: 7
2017-10-14 20:15:11.121 - Warn:  Reboot Gateway: 6
2017-10-14 20:15:11.224 - Log:   Wifi-Kanal: 7
2017-10-14 20:28:00.254 - Warn:  Reboot Gateway: 6
2017-10-14 20:28:00.356 - Log:   Wifi-Kanal: 7
2017-10-14 20:28:54.510 - Warn:  Reboot Gateway: 6
2017-10-14 20:28:54.613 - Log:   Wifi-Kanal: 7
2017-10-14 20:29:54.742 - Warn:  Reboot Gateway: 6
2017-10-14 20:29:54.844 - Log:   Wifi-Kanal: 7
2017-10-14 20:38:21.951 - Warn:  Reboot Gateway: 6
2017-10-14 20:38:22.051 - Log:   Wifi-Kanal: 7
2017-10-14 20:39:10.872 - Warn:  Reboot Gateway: 6
2017-10-14 20:39:10.974 - Log:   Wifi-Kanal: 7
2017-10-14 20:59:44.568 - Warn:  Rescan Sensor: 15959
2017-10-14 21:27:54.490 - Warn:  Rescan Sensor: 24799
2017-10-15 07:46:38.793 - Warn:  Reboot Gateway: 6
2017-10-15 07:46:38.895 - Log:   Wifi-Kanal: 7
2017-10-15 07:48:00.684 - Warn:  Reboot Gateway: 6
2017-10-15 07:48:00.788 - Log:   Wifi-Kanal: 7
2017-10-15 07:48:40.594 - Warn:  Reboot Gateway: 6
2017-10-15 07:48:40.696 - Log:   Wifi-Kanal: 7
2017-10-15 07:49:14.417 - Warn:  Tx-Repeat -> Sensor:24799
2017-10-15 07:52:05.057 - Warn:  Rescan Sensor: 15959
2017-10-15 19:24:50.657 - Warn:  Reboot Gateway: 6
2017-10-15 19:24:50.759 - Log:   Wifi-Kanal: 7
2017-10-15 19:37:47.131 - Warn:  Reboot Gateway: 6
2017-10-15 19:37:47.233 - Log:   Wifi-Kanal: 7
2017-10-15 19:38:36.403 - Warn:  Reboot Gateway: 6
2017-10-15 19:38:36.506 - Log:   Wifi-Kanal: 7
2017-10-15 19:39:10.688 - Warn:  Tx-Repeat -> Sensor:24799
2017-10-15 19:40:05.201 - Warn:  Tx-Repeat -> Sensor:24799
2017-10-15 19:40:55.466 - Warn:  Reboot Gateway: 6
2017-10-15 19:40:55.568 - Log:   Wifi-Kanal: 7
2017-10-15 19:42:57.081 - Warn:  Reboot Gateway: 6
2017-10-15 19:42:57.184 - Log:   Wifi-Kanal: 7
2017-10-15 19:43:07.046 - Warn:  Tx-Repeat -> Sensor:15959
2017-10-15 19:43:56.196 - Warn:  Reboot Gateway: 6
2017-10-15 19:43:56.298 - Log:   Wifi-Kanal: 7
2017-10-15 19:46:55.032 - Warn:  Reboot Gateway: 6
2017-10-15 19:46:55.134 - Log:   Wifi-Kanal: 7
2017-10-15 19:46:56.991 - Warn:  Tx-Repeat -> Sensor:24799
2017-10-15 19:50:23.153 - Warn:  Reboot Gateway: 6
2017-10-15 19:50:23.255 - Log:   Wifi-Kanal: 7
2017-10-15 19:52:22.272 - Warn:  Reboot Gateway: 6
2017-10-15 19:52:22.374 - Log:   Wifi-Kanal: 7
2017-10-15 19:54:41.746 - Warn:  Reboot Gateway: 6
2017-10-15 19:54:41.847 - Log:   Wifi-Kanal: 7
2017-10-15 19:55:38.741 - Warn:  Reboot Gateway: 6
2017-10-15 19:55:38.843 - Log:   Wifi-Kanal: 7
2017-10-15 19:55:48.198 - Warn:  Tx-Repeat -> Sensor:24799
2017-10-15 19:57:46.297 - Warn:  Reboot Gateway: 6
2017-10-15 19:57:46.399 - Log:   Wifi-Kanal: 7
2017-10-15 19:57:57.223 - Warn:  Tx-Repeat -> Sensor:15959
2017-10-15 19:59:00.199 - Warn:  Reboot Gateway: 6
2017-10-15 19:59:00.301 - Log:   Wifi-Kanal: 7
2017-10-15 20:01:36.775 - Warn:  Reboot Gateway: 6
2017-10-15 20:01:36.877 - Log:   Wifi-Kanal: 7
2017-10-15 20:01:42.748 - Warn:  Tx-Repeat -> Sensor:24799
2017-10-15 20:59:58.858 - Warn:  Reboot Gateway: 6
2017-10-15 20:59:58.960 - Log:   Wifi-Kanal: 7
2017-10-15 21:02:08.393 - Warn:  Reboot Gateway: 6
2017-10-15 21:02:08.495 - Log:   Wifi-Kanal: 7
2017-10-15 21:53:58.536 - Warn:  Reboot Gateway: 6
2017-10-15 21:53:58.638 - Log:   Wifi-Kanal: 7
2017-10-15 21:56:13.795 - Warn:  Reboot Gateway: 6
2017-10-15 21:56:13.898 - Log:   Wifi-Kanal: 7
2017-10-15 22:17:50.916 - Warn:  Rescan Sensor: 24799
2017-10-15 22:19:55.503 - Warn:  Rescan Sensor: 15959
2017-10-15 22:19:56.002 - Warn:  Rescan Sensor: 15959
2017-10-16 18:11:06.183 - Warn:  Rescan Sensor: 24799
2017-10-16 19:03:08.631 - Warn:  Reboot Gateway: 6
2017-10-16 19:03:08.733 - Log:   Wifi-Kanal: 7
2017-10-16 19:29:32.702 - Warn:  Reboot Gateway: 6
2017-10-16 19:29:32.804 - Log:   Wifi-Kanal: 7
2017-10-16 19:30:13.503 - Warn:  Reboot Gateway: 6
2017-10-16 19:30:13.604 - Log:   Wifi-Kanal: 7
2017-10-16 19:31:00.167 - Warn:  Reboot Gateway: 6
2017-10-16 19:31:00.270 - Log:   Wifi-Kanal: 7
2017-10-16 19:31:44.871 - Warn:  Reboot Gateway: 6
2017-10-16 19:31:44.973 - Log:   Wifi-Kanal: 7
2017-10-16 19:31:55.042 - Warn:  Tx-Repeat -> Sensor:24799
2017-10-16 19:36:38.323 - Warn:  Reboot Gateway: 6
2017-10-16 19:36:38.425 - Log:   Wifi-Kanal: 7
2017-10-16 20:05:47.513 - Warn:  Reboot Gateway: 6
2017-10-16 20:05:47.616 - Log:   Wifi-Kanal: 7
2017-10-16 20:58:06.004 - Warn:  Rescan Sensor: 15959
2017-10-16 20:58:44.727 - Warn:  Rescan Sensor: 24799
2017-10-16 23:39:01.413 - Warn:  Reboot Gateway: 6
2017-10-16 23:39:01.515 - Log:   Wifi-Kanal: 7
2017-10-16 23:39:23.437 - Warn:  Reboot Gateway: 6
2017-10-16 23:39:23.538 - Log:   Wifi-Kanal: 7
2017-10-16 23:39:44.087 - Warn:  Reboot Gateway: 6
2017-10-16 23:39:44.189 - Log:   Wifi-Kanal: 7
2017-10-16 23:41:51.265 - Warn:  Reboot Gateway: 6
2017-10-16 23:41:51.365 - Log:   Wifi-Kanal: 7
2017-10-16 23:48:43.355 - Warn:  Reboot Gateway: 6
2017-10-16 23:48:43.457 - Log:   Wifi-Kanal: 7
2017-10-16 23:50:36.097 - Warn:  Reboot Gateway: 6
2017-10-16 23:50:36.199 - Log:   Wifi-Kanal: 7
2017-10-16 23:52:38.767 - Warn:  Reboot Gateway: 6
2017-10-16 23:52:38.870 - Log:   Wifi-Kanal: 7
2017-10-16 23:53:21.764 - Warn:  Reboot Gateway: 6
2017-10-16 23:53:21.865 - Log:   Wifi-Kanal: 7
2017-10-16 23:54:03.177 - Warn:  Reboot Gateway: 6
2017-10-16 23:54:03.279 - Log:   Wifi-Kanal: 7
2017-10-16 23:54:03.473 - Log:   Wifi-Kanal: 7
2017-10-16 23:57:43.828 - Warn:  Reboot Gateway: 6
2017-10-16 23:57:43.925 - Log:   Wifi-Kanal: 7
2017-10-16 23:57:59.309 - Warn:  Tx-Repeat -> Sensor:24799
2017-10-16 23:58:05.647 - Warn:  Tx-Repeat -> Sensor:15959
2017-10-17 18:47:44.745 - Warn:  Rescan Sensor: 24799
2017-10-17 18:58:13.539 - Warn:  Reboot Gateway: 6
2017-10-17 18:58:13.637 - Log:   Wifi-Kanal: 7
2017-10-17 18:58:38.698 - Warn:  Tx-Repeat -> Sensor:24799
2017-10-17 18:59:05.481 - Warn:  Tx-Repeat -> Sensor:15959
2017-10-17 19:02:50.328 - Warn:  Reboot Gateway: 6
2017-10-17 19:02:50.426 - Log:   Wifi-Kanal: 7
2017-10-17 19:04:54.899 - Warn:  Reboot Gateway: 6
2017-10-17 19:04:54.998 - Log:   Wifi-Kanal: 7
2017-10-17 19:05:01.846 - Warn:  Tx-Repeat -> Sensor:15959
2017-10-17 19:05:32.474 - Warn:  Tx-Repeat -> Sensor:24799
2017-10-17 19:07:47.484 - Warn:  Reboot Gateway: 6
2017-10-17 19:07:47.583 - Log:   Wifi-Kanal: 7
2017-10-17 19:09:31.134 - Warn:  Reboot Gateway: 6
2017-10-17 19:09:31.232 - Log:   Wifi-Kanal: 7
2017-10-17 19:09:31.623 - Log:   Wifi-Kanal: 7
2017-10-17 19:14:53.471 - Warn:  Reboot Gateway: 6
2017-10-17 19:14:53.573 - Log:   Wifi-Kanal: 7
2017-10-17 19:15:38.340 - Warn:  Reboot Gateway: 6
2017-10-17 19:15:38.443 - Log:   Wifi-Kanal: 7
2017-10-17 19:17:42.294 - Warn:  Reboot Gateway: 6
2017-10-17 19:17:42.396 - Log:   Wifi-Kanal: 7
2017-10-17 19:18:54.402 - Warn:  Reboot Gateway: 6
2017-10-17 19:18:54.503 - Log:   Wifi-Kanal: 7
2017-10-17 19:19:19.171 - Warn:  Tx-Repeat -> Sensor:24799
2017-10-17 19:19:37.930 - Warn:  Reboot Gateway: 6
2017-10-17 19:19:38.032 - Log:   Wifi-Kanal: 7
2017-10-17 19:20:16.366 - Warn:  Reboot Gateway: 6
2017-10-17 19:20:16.468 - Log:   Wifi-Kanal: 7
2017-10-17 19:23:13.174 - Warn:  Reboot Gateway: 6
2017-10-17 19:23:13.276 - Log:   Wifi-Kanal: 7
2017-10-17 19:23:50.703 - Warn:  Reboot Gateway: 6
2017-10-17 19:23:50.806 - Log:   Wifi-Kanal: 7
2017-10-17 19:24:29.949 - Warn:  Reboot Gateway: 6
2017-10-17 19:24:30.052 - Log:   Wifi-Kanal: 7
2017-10-17 19:25:13.713 - Warn:  Tx-Repeat -> Sensor:24799
2017-10-17 19:28:06.470 - Warn:  Reboot Gateway: 6
2017-10-17 19:28:06.572 - Log:   Wifi-Kanal: 7
2017-10-17 19:31:08.340 - Warn:  Reboot Gateway: 6
2017-10-17 19:31:08.442 - Log:   Wifi-Kanal: 7
2017-10-17 19:34:38.781 - Warn:  Reboot Gateway: 6
2017-10-17 19:34:38.885 - Log:   Wifi-Kanal: 7
2017-10-17 19:36:08.894 - Warn:  Reboot Gateway: 6
2017-10-17 19:36:08.998 - Log:   Wifi-Kanal: 7
2017-10-17 19:37:20.681 - Warn:  Reboot Gateway: 6
2017-10-17 19:37:20.784 - Log:   Wifi-Kanal: 7
2017-10-17 19:38:53.369 - Warn:  Reboot Gateway: 6
2017-10-17 19:38:53.471 - Log:   Wifi-Kanal: 7
2017-10-17 19:44:15.782 - Warn:  Reboot Gateway: 6
2017-10-17 19:44:15.884 - Log:   Wifi-Kanal: 7
2017-10-17 19:48:55.996 - Warn:  Reboot Gateway: 6
2017-10-17 19:48:56.097 - Log:   Wifi-Kanal: 7
2017-10-17 19:49:34.736 - Warn:  Reboot Gateway: 6
2017-10-17 19:49:34.839 - Log:   Wifi-Kanal: 7
2017-10-17 19:50:29.887 - Warn:  Tx-Repeat -> Sensor:15959
2017-10-17 19:50:49.749 - Warn:  Reboot Gateway: 6
2017-10-17 19:50:49.851 - Log:   Wifi-Kanal: 7
2017-10-17 19:52:52.681 - Warn:  Reboot Gateway: 6
2017-10-17 19:52:52.783 - Log:   Wifi-Kanal: 7
2017-10-17 19:53:54.536 - Warn:  Reboot Gateway: 6
2017-10-17 19:53:54.638 - Log:   Wifi-Kanal: 7
2017-10-17 19:54:40.520 - Warn:  Reboot Gateway: 6
2017-10-17 19:54:40.622 - Log:   Wifi-Kanal: 7
2017-10-17 19:55:17.300 - Warn:  Reboot Gateway: 6
2017-10-17 19:55:17.403 - Log:   Wifi-Kanal: 7
2017-10-17 19:57:36.590 - Warn:  Reboot Gateway: 6
2017-10-17 19:57:36.692 - Log:   Wifi-Kanal: 7
2017-10-18 17:31:57.470 - Warn:  Rescan Sensor: 24799
2017-10-18 17:31:57.974 - Warn:  Rescan Sensor: 24799
2017-10-18 18:53:19.248 - Warn:  Reboot Gateway: 6
2017-10-18 18:53:19.350 - Log:   Wifi-Kanal: 7
2017-10-18 19:03:02.708 - Warn:  Reboot Gateway: 6
2017-10-18 19:03:02.811 - Log:   Wifi-Kanal: 7
2017-10-18 19:08:28.583 - Warn:  Reboot Gateway: 6
2017-10-18 19:08:28.683 - Log:   Wifi-Kanal: 7
2017-10-18 19:09:24.893 - Warn:  Reboot Gateway: 6
2017-10-18 19:09:24.995 - Log:   Wifi-Kanal: 7
2017-10-18 19:44:58.538 - Warn:  Reboot Gateway: 6
2017-10-18 19:44:58.640 - Log:   Wifi-Kanal: 7
2017-10-18 19:45:00.862 - Warn:  Tx-Repeat -> Sensor:15959
2017-10-18 19:45:55.163 - Warn:  Tx-Repeat -> Sensor:24799
2017-10-18 19:56:40.066 - Warn:  Reboot Gateway: 6
2017-10-18 19:56:40.168 - Log:   Wifi-Kanal: 7
2017-10-18 20:00:19.622 - Warn:  Reboot Gateway: 6
2017-10-18 20:00:19.724 - Log:   Wifi-Kanal: 7
2017-10-18 20:01:08.209 - Warn:  Reboot Gateway: 6
2017-10-18 20:01:08.311 - Log:   Wifi-Kanal: 7
2017-10-18 20:09:58.033 - Warn:  Tx-Repeat -> Sensor:24799
2017-10-18 20:10:00.329 - Warn:  Tx-Repeat -> Sensor:15959
2017-10-18 20:10:00.330 - Warn:  Tx-Repeat -> Sensor:24799
2017-10-18 20:10:00.331 - Warn:  Tx-Repeat -> Sensor:15959
2017-10-18 20:10:00.332 - Warn:  Tx-Repeat -> Sensor:24799
2017-10-18 20:10:00.333 - Warn:  Tx-Repeat -> Sensor:15959
2017-10-18 20:10:00.334 - Warn:  Tx-Repeat -> Sensor:24799
2017-10-18 20:10:00.334 - Warn:  Tx-Repeat -> Sensor:15959
2017-10-18 20:10:14.151 - Warn:  Reboot Gateway: 6
2017-10-18 20:10:14.253 - Log:   Wifi-Kanal: 7
2017-10-18 20:12:55.839 - Warn:  Reboot Gateway: 6
2017-10-18 20:12:55.941 - Log:   Wifi-Kanal: 7
2017-10-18 20:17:17.349 - Warn:  Reboot Gateway: 6
2017-10-18 20:17:17.451 - Log:   Wifi-Kanal: 7
2017-10-18 20:17:39.238 - Warn:  Reboot Gateway: 6
2017-10-18 20:17:39.340 - Log:   Wifi-Kanal: 7
2017-10-18 21:12:38.177 - Warn:  Rescan Sensor: 15959
2017-10-18 21:12:49.991 - Warn:  Rescan Sensor: 24799
2017-10-19 17:23:35.699 - Warn:  Rescan Sensor: 24799
2017-10-19 19:00:05.839 - Warn:  Reboot Gateway: 6
2017-10-19 19:00:05.941 - Log:   Wifi-Kanal: 7
2017-10-19 19:01:42.280 - Warn:  Tx-Repeat -> Sensor:15959
2017-10-19 19:02:01.390 - Warn:  Tx-Repeat -> Sensor:24799
2017-10-19 19:05:23.025 - Warn:  Reboot Gateway: 6
2017-10-19 19:05:23.127 - Log:   Wifi-Kanal: 7
2017-10-19 19:21:04.832 - Warn:  Reboot Gateway: 6
2017-10-19 19:21:04.934 - Log:   Wifi-Kanal: 7
2017-10-19 19:22:23.067 - Warn:  Reboot Gateway: 6
2017-10-19 19:22:23.170 - Log:   Wifi-Kanal: 7
2017-10-19 19:22:28.822 - Warn:  Tx-Repeat -> Sensor:15959
2017-10-19 19:22:41.142 - Warn:  Tx-Repeat -> Sensor:24799
2017-10-19 19:23:29.216 - Warn:  Reboot Gateway: 6
2017-10-19 19:23:29.318 - Log:   Wifi-Kanal: 7
2017-10-19 19:28:16.906 - Warn:  Reboot Gateway: 6
2017-10-19 19:28:17.008 - Log:   Wifi-Kanal: 7
2017-10-19 19:29:23.984 - Warn:  Reboot Gateway: 6
2017-10-19 19:29:24.084 - Log:   Wifi-Kanal: 7
2017-10-19 19:30:30.210 - Warn:  Reboot Gateway: 6
2017-10-19 19:30:30.314 - Log:   Wifi-Kanal: 7
2017-10-19 19:31:54.488 - Warn:  Reboot Gateway: 6
2017-10-19 19:31:54.591 - Log:   Wifi-Kanal: 7
2017-10-19 19:33:06.988 - Warn:  Reboot Gateway: 6
2017-10-19 19:33:07.092 - Log:   Wifi-Kanal: 7
2017-10-19 19:41:11.884 - Warn:  Reboot Gateway: 6
2017-10-19 19:41:11.986 - Log:   Wifi-Kanal: 7
2017-10-19 19:41:16.754 - Warn:  Tx-Repeat -> Sensor:15959
2017-10-19 19:41:23.265 - Warn:  Tx-Repeat -> Sensor:24799
2017-10-19 19:44:31.901 - Warn:  Reboot Gateway: 6
2017-10-19 19:44:32.004 - Log:   Wifi-Kanal: 7
2017-10-19 19:49:02.453 - Warn:  Reboot Gateway: 6
2017-10-19 19:49:02.555 - Log:   Wifi-Kanal: 7
2017-10-19 19:50:50.360 - Warn:  Reboot Gateway: 6
2017-10-19 19:50:50.462 - Log:   Wifi-Kanal: 7
2017-10-19 19:53:28.516 - Warn:  Reboot Gateway: 6
2017-10-19 19:53:28.618 - Log:   Wifi-Kanal: 7
2017-10-19 19:54:32.103 - Warn:  Reboot Gateway: 6
2017-10-19 19:54:32.205 - Log:   Wifi-Kanal: 7
2017-10-20 14:20:43.577 - Warn:  Rescan Sensor: 24799
2017-10-21 12:09:17.705 - Warn:  Tx-Repeat -> Sensor:15959
2017-10-21 19:34:34.101 - Log:   Wifi-Kanal: 7
2017-10-21 19:38:57.263 - Log:   Wifi-Kanal: 7
2017-10-21 19:40:41.262 - Warn:  Tx-Repeat -> Sensor:15959
2017-10-21 20:02:52.833 - Log:   Wifi-Kanal: 7
2017-10-21 21:04:29.999 - Log:   Wifi-Kanal: 7
2017-10-21 21:05:34.407 - Log:   Wifi-Kanal: 7
2017-10-21 21:05:42.535 - Warn:  Tx-Repeat -> Sensor:15959
2017-10-21 21:22:10.989 - Log:   Wifi-Kanal: 7
2017-10-22 09:15:03.072 - Warn:  Rescan Sensor: 61746
2017-10-22 09:39:17.701 - Warn:  Rescan Sensor: 61746
2017-10-22 09:39:18.687 - Warn:  Rescan Sensor: 61746
2017-10-22 09:39:19.193 - Warn:  Rescan Sensor: 61746
2017-10-22 09:39:19.693 - Warn:  Rescan Sensor: 61746
2017-10-22 09:39:20.187 - Warn:  Rescan Sensor: 61746
2017-10-22 09:39:52.963 - Warn:  Rescan Sensor: 61746
2017-10-22 09:43:35.434 - Warn:  Rescan Sensor: 61746
2017-10-22 09:44:19.682 - Warn:  Rescan Sensor: 61746
2017-10-22 09:45:09.468 - Warn:  Rescan Sensor: 61746
2017-10-22 09:45:18.562 - Warn:  Rescan Sensor: 61746
2017-10-22 09:45:36.831 - Warn:  Rescan Sensor: 61746
2017-10-22 09:45:45.455 - Warn:  Rescan Sensor: 61746
2017-10-22 09:45:45.950 - Warn:  Rescan Sensor: 61746
2017-10-22 09:45:56.253 - Warn:  Rescan Sensor: 61746
2017-10-22 15:00:49.741 - Warn:  Reboot Gateway: 6
2017-10-22 15:00:49.846 - Log:   Wifi-Kanal: 7
2017-10-22 16:48:52.661 - Warn:  Reboot Gateway: 6
2017-10-22 16:48:52.770 - Log:   Wifi-Kanal: 7
2017-10-22 16:48:57.684 - Warn:  Tx-Repeat -> Sensor:24799
2017-10-22 16:51:11.662 - Log:   Wifi-Kanal: 7
2017-10-22 16:51:28.385 - Warn:  Tx-Repeat -> Sensor:24799
2017-10-22 16:54:53.380 - Warn:  Reboot Gateway: 6
2017-10-22 16:54:53.485 - Log:   Wifi-Kanal: 7
2017-10-22 16:54:58.374 - Warn:  Tx-Repeat -> Sensor:24799
2017-10-22 16:55:18.478 - Warn:  Rescan Sensor: 61746
2017-10-22 17:01:00.139 - Warn:  Reboot Gateway: 6
2017-10-22 17:01:00.245 - Log:   Wifi-Kanal: 7
2017-10-22 17:21:30.697 - Warn:  Reboot Gateway: 6
2017-10-22 17:21:30.804 - Log:   Wifi-Kanal: 7
2017-10-22 17:21:47.193 - Warn:  Rescan Sensor: 61746
2017-10-22 17:27:09.991 - Warn:  Reboot Gateway: 6
2017-10-22 17:27:10.096 - Log:   Wifi-Kanal: 7
2017-10-22 17:27:31.452 - Warn:  Tx-Repeat -> Sensor:15959
2017-10-22 17:27:51.119 - Warn:  Tx-Repeat -> Sensor:61746
2017-10-22 17:30:35.762 - Warn:  Rescan Sensor: 61746
2017-10-22 17:30:35.962 - Warn:  Rescan Sensor: 61746
2017-10-22 17:31:02.062 - Warn:  Tx-Repeat -> Sensor:61746
2017-10-22 17:31:07.934 - Warn:  Tx-Repeat -> Sensor:15959
2017-10-22 17:32:17.652 - Warn:  Rescan Sensor: 61746
2017-10-22 17:56:59.259 - Warn:  Rescan Sensor: 15959
2017-10-22 17:56:59.763 - Warn:  Rescan Sensor: 15959
2017-10-22 17:57:00.261 - Warn:  Rescan Sensor: 15959
2017-10-22 17:59:12.532 - Warn:  Rescan Sensor: 15959
2017-10-22 17:59:23.120 - Warn:  Rescan Sensor: 15959
2017-10-22 18:00:32.808 - Warn:  Rescan Sensor: 15959
2017-10-22 18:00:32.905 - Warn:  Rescan Sensor: 15959
2017-10-22 18:12:55.321 - Warn:  Rescan Sensor: 24799
2017-10-22 18:13:27.508 - Warn:  Rescan Sensor: 24799
2017-10-22 18:13:27.612 - Warn:  Rescan Sensor: 24799
2017-10-22 18:14:23.345 - Warn:  Rescan Sensor: 24799
2017-10-22 18:14:26.545 - Warn:  Rescan Sensor: 24799
2017-10-22 18:19:05.443 - Warn:  Reboot Gateway: 6
2017-10-22 18:19:05.548 - Log:   Wifi-Kanal: 7
2017-10-22 18:19:56.794 - Warn:  Reboot Gateway: 6
2017-10-22 18:20:13.687 - Log:   Wifi-Kanal: 7
2017-10-22 18:20:53.511 - Warn:  Tx-Repeat -> Sensor:24799
2017-10-22 18:21:29.456 - Warn:  Reboot Gateway: 6
2017-10-22 18:21:32.721 - Log:   Wifi-Kanal: 7
2017-10-22 18:21:36.399 - Warn:  Tx-Repeat -> Sensor:15959
2017-10-22 18:22:37.166 - Warn:  Reboot Gateway: 6
2017-10-22 18:23:21.314 - Warn:  Reboot Gateway: 6
2017-10-22 18:23:21.417 - Log:   Wifi-Kanal: 7
2017-10-22 18:23:22.242 - Warn:  Tx-Repeat -> Sensor:24799
2017-10-22 18:23:44.902 - Warn:  Tx-Repeat -> Sensor:61746
2017-10-22 18:24:14.097 - Warn:  Reboot Gateway: 6
2017-10-22 18:24:14.203 - Log:   Wifi-Kanal: 7
2017-10-22 18:24:50.075 - Warn:  Reboot Gateway: 6
2017-10-22 18:24:50.180 - Log:   Wifi-Kanal: 7
2017-10-22 18:25:40.945 - Warn:  Reboot Gateway: 6
2017-10-22 18:25:43.809 - Log:   Wifi-Kanal: 7
2017-10-22 18:28:03.822 - Warn:  Reboot Gateway: 6
2017-10-22 18:28:09.873 - Log:   Wifi-Kanal: 7
2017-10-22 18:30:28.585 - Warn:  Tx-Repeat -> Sensor:15959
2017-10-22 18:36:56.467 - Warn:  Reboot Gateway: 6
2017-10-22 18:36:56.573 - Log:   Wifi-Kanal: 7
2017-10-22 18:37:13.419 - Warn:  Reboot Gateway: 6
2017-10-22 18:37:13.525 - Log:   Wifi-Kanal: 7
2017-10-22 18:37:24.193 - Warn:  Tx-Repeat -> Sensor:15959
2017-10-22 18:38:36.323 - Warn:  Reboot Gateway: 6
2017-10-22 18:38:36.760 - Log:   Wifi-Kanal: 7
2017-10-22 18:39:34.627 - Warn:  Tx-Repeat -> Sensor:61746
2017-10-22 18:40:12.433 - Warn:  Reboot Gateway: 6
2017-10-22 18:40:12.537 - Log:   Wifi-Kanal: 7
2017-10-22 18:40:37.915 - Warn:  Reboot Gateway: 6
2017-10-22 18:40:38.021 - Log:   Wifi-Kanal: 7
2017-10-22 18:40:41.192 - Warn:  Tx-Repeat -> Sensor:24799
2017-10-22 18:40:49.633 - Warn:  Rescan Sensor: 61746
2017-10-22 18:41:31.056 - Warn:  Reboot Gateway: 6
2017-10-22 18:42:11.857 - Warn:  Reboot Gateway: 6
2017-10-22 18:42:11.963 - Log:   Wifi-Kanal: 7
2017-10-22 18:42:54.362 - Warn:  Tx-Repeat -> Sensor:61746
2017-10-22 18:59:45.564 - Log:   Wifi-Kanal: 7
2017-10-22 19:05:52.602 - Log:   Wifi-Kanal: 7
2017-10-22 19:06:16.147 - Warn:  Tx-Repeat -> Sensor:24799
2017-10-22 19:07:02.855 - Warn:  Tx-Repeat -> Sensor:15959
2017-10-22 19:07:36.583 - Warn:  Tx-Repeat -> Sensor:61746
2017-10-22 19:10:13.426 - Log:   Wifi-Kanal: 7
2017-10-22 19:43:14.550 - Log:   Wifi-Kanal: 7
2017-10-22 19:43:50.142 - Log:   Wifi-Kanal: 7
2017-10-22 19:43:54.824 - Warn:  Rescan Sensor: 24799
2017-10-22 19:45:27.530 - Log:   Wifi-Kanal: 7
2017-10-22 19:46:35.953 - Log:   Wifi-Kanal: 7
2017-10-22 19:49:38.352 - Log:   Wifi-Kanal: 7
2017-10-22 19:51:17.991 - Log:   Wifi-Kanal: 7
2017-10-22 19:52:37.826 - Log:   Wifi-Kanal: 7
2017-10-22 19:52:39.605 - Warn:  Tx-Repeat -> Sensor:24799
2017-10-22 19:53:05.568 - Log:   Wifi-Kanal: 7
Fehler/home/pi/.iog/sensors/15959.level
2017-10-22 20:30:00.884 - Log:   Wifi-Kanal: 7
2017-10-22 20:30:27.699 - Warn:  Rescan Sensor: 61746
2017-10-22 20:30:59.406 - Warn:  Tx-Repeat -> Sensor:15959
2017-10-22 20:31:24.016 - Warn:  Tx-Repeat -> Sensor:61746
Fehler/home/pi/.iog/sensors/15959.level
2017-10-22 20:31:57.192 - Log:   Wifi-Kanal: 7
2017-10-22 20:33:46.347 - Warn:  Tx-Repeat -> Sensor:15959
Fehler/home/pi/.iog/sensors/15959.level
2017-10-22 20:41:44.513 - Log:   Wifi-Kanal: 7
2017-10-22 20:42:16.977 - Warn:  Tx-Repeat -> Sensor:61746
Fehler/home/pi/.iog/sensors/15959.level
2017-10-22 21:01:35.780 - Log:   Wifi-Kanal: 7
2017-10-22 21:02:27.334 - Warn:  Tx-Repeat -> Sensor:15959
2017-10-22 21:03:03.734 - Warn:  Tx-Repeat -> Sensor:61746
Fehler/home/pi/.iog/sensors/15959.level
2017-10-22 21:10:59.719 - Log:   Wifi-Kanal: 7
2017-10-22 21:11:22.044 - Warn:  Tx-Repeat -> Sensor:15959
2017-10-22 21:11:57.317 - Warn:  Tx-Repeat -> Sensor:24799
2017-10-22 21:12:09.443 - Warn:  Tx-Repeat -> Sensor:61746
2017-10-22 21:13:54.133 - Warn:  Tx-Repeat -> Sensor:24799
2017-10-22 21:13:57.509 - Warn:  Tx-Repeat -> Sensor:61746
2017-10-22 21:15:47.772 - Warn:  Tx-Repeat -> Sensor:24799
Fehler/home/pi/.iog/sensors/15959.level
2017-10-22 21:16:13.942 - Log:   Wifi-Kanal: 7
Fehler/home/pi/.iog/sensors/15959.level
2017-10-22 21:16:59.041 - Log:   Wifi-Kanal: 7
Fehler/home/pi/.iog/sensors/15959.level
2017-10-22 21:19:07.510 - Log:   Wifi-Kanal: 7
2017-10-22 21:19:52.896 - Warn:  Tx-Repeat -> Sensor:61746
Fehler/home/pi/.iog/sensors/15959.level
2017-10-22 21:20:19.009 - Log:   Wifi-Kanal: 7
Fehler/home/pi/.iog/sensors/15959.level
2017-10-22 21:32:01.431 - Log:   Wifi-Kanal: 7
2017-10-22 21:32:08.877 - Warn:  Tx-Repeat -> Sensor:15959
2017-10-22 21:34:43.159 - Warn:  Tx-Repeat -> Sensor:61746
2017-10-22 21:35:27.033 - Warn:  Tx-Repeat -> Sensor:24799
Fehler/home/pi/.iog/sensors/15959.level
2017-10-22 21:38:05.297 - Log:   Wifi-Kanal: 7
Fehler/home/pi/.iog/sensors/15959.level
2017-10-22 22:17:15.092 - Log:   Wifi-Kanal: 7
2017-10-22 22:17:38.473 - Warn:  Tx-Repeat -> Sensor:15959
2017-10-22 22:18:14.317 - Warn:  Tx-Repeat -> Sensor:61746
2017-10-22 22:18:46.569 - Warn:  Tx-Repeat -> Sensor:24799
Fehler/home/pi/.iog/sensors/15959.level
2017-10-22 22:31:38.684 - Log:   Wifi-Kanal: 7
2017-10-22 22:32:05.751 - Warn:  Tx-Repeat -> Sensor:61746
2017-10-22 22:32:33.617 - Warn:  Tx-Repeat -> Sensor:24799
2017-10-22 22:33:28.695 - Warn:  Tx-Repeat -> Sensor:15959
Fehler/home/pi/.iog/sensors/15959.level
2017-10-22 22:33:52.091 - Log:   Wifi-Kanal: 7
Fehler/home/pi/.iog/sensors/15959.level
2017-10-22 22:36:05.698 - Log:   Wifi-Kanal: 7
Fehler/home/pi/.iog/sensors/15959.level
2017-10-22 22:37:27.417 - Log:   Wifi-Kanal: 7
2017-10-22 22:38:02.207 - Warn:  Tx-Repeat -> Sensor:61746
Fehler/home/pi/.iog/sensors/15959.level
2017-10-22 22:39:49.946 - Log:   Wifi-Kanal: 7
2017-10-23 18:50:27.883 - Warn:  Rescan Sensor: 24799
2017-10-23 18:50:27.981 - Warn:  Rescan Sensor: 24799
Fehler/home/pi/.iog/sensors/15959.level
2017-10-23 20:27:23.865 - Log:   Wifi-Kanal: 7
Fehler/home/pi/.iog/sensors/15959.level
2017-10-23 20:35:02.270 - Log:   Wifi-Kanal: 7
Fehler/home/pi/.iog/sensors/15959.level
2017-10-23 20:38:04.419 - Log:   Wifi-Kanal: 7
Fehler/home/pi/.iog/sensors/15959.level
2017-10-23 20:58:46.281 - Log:   Wifi-Kanal: 7
Fehler/home/pi/.iog/sensors/15959.level
2017-10-23 21:04:07.670 - Log:   Wifi-Kanal: 7
Fehler/home/pi/.iog/sensors/15959.level
Fehler/home/pi/.iog/sensors/15959.level
2017-10-23 21:07:31.516 - Log:   Wifi-Kanal: 7
Fehler/home/pi/.iog/sensors/15959.level
2017-10-23 21:23:37.177 - Log:   Wifi-Kanal: 7
Fehler/home/pi/.iog/sensors/15959.level
2017-10-23 21:32:15.131 - Log:   Wifi-Kanal: 7
Fehler/home/pi/.iog/sensors/15959.level
2017-10-23 21:37:52.593 - Log:   Wifi-Kanal: 7
Fehler/home/pi/.iog/sensors/15959.level
2017-10-23 21:59:09.292 - Log:   Wifi-Kanal: 7
Fehler/home/pi/.iog/sensors/15959.level
2017-10-23 22:15:26.614 - Log:   Wifi-Kanal: 7
2017-10-23 22:16:57.180 - Warn:  Rescan Sensor: 24799
2017-10-23 23:13:48.809 - Warn:  Rescan Sensor: 15959
2017-10-25 17:58:43.300 - Warn:  Rescan Sensor: 24799
Fehler/home/pi/.iog/sensors/15959.level
2017-10-25 19:02:27.895 - Log:   Wifi-Kanal: 7
Fehler/home/pi/.iog/sensors/15959.level
2017-10-25 19:44:24.019 - Log:   Wifi-Kanal: 7
Fehler/home/pi/.iog/sensors/15959.level
2017-10-25 19:44:57.027 - Log:   Wifi-Kanal: 7
2017-10-25 19:59:48.961 - Warn:  Rescan Sensor: 24799
2017-10-25 20:21:38.962 - Warn:  Rescan Sensor: 15959
2017-10-26 07:32:01.841 - Warn:  Rescan Sensor: 24799
Fehler/home/pi/.iog/sensors/15959.level
2017-10-26 19:28:02.181 - Log:   Wifi-Kanal: 7
2017-10-26 19:36:03.644 - Warn:  Rescan Sensor: 24799
2017-10-26 19:39:22.906 - Warn:  Rescan Sensor: 15959
2017-10-26 19:50:20.945 - Warn:  Tx-Repeat -> Sensor:15959
2017-10-26 23:09:04.653 - Warn:  Tx-Repeat -> Sensor:15959
2017-10-27 10:02:32.565 - Warn:  Tx-Repeat -> Sensor:15959
2017-10-27 16:29:15.821 - Warn:  Rescan Sensor: 24799
Fehler/home/pi/.iog/sensors/15959.level
2017-10-27 17:07:24.133 - Log:   Wifi-Kanal: 7
2017-10-27 17:07:44.776 - Warn:  Tx-Repeat -> Sensor:24799
2017-10-27 17:08:44.679 - Warn:  Tx-Repeat -> Sensor:15959
Fehler/home/pi/.iog/sensors/15959.level
2017-10-27 19:01:14.288 - Log:   Wifi-Kanal: 7
Fehler/home/pi/.iog/sensors/15959.level
2017-10-27 19:05:00.657 - Log:   Wifi-Kanal: 7
Fehler/home/pi/.iog/sensors/15959.level
2017-10-27 19:07:23.070 - Log:   Wifi-Kanal: 7
Fehler/home/pi/.iog/sensors/15959.level
2017-10-27 19:08:48.485 - Log:   Wifi-Kanal: 7
2017-10-27 19:09:21.631 - Warn:  Tx-Repeat -> Sensor:15959
Fehler/home/pi/.iog/sensors/15959.level
2017-10-27 19:15:35.032 - Log:   Wifi-Kanal: 7
Fehler/home/pi/.iog/sensors/15959.level
2017-10-27 19:24:03.870 - Log:   Wifi-Kanal: 7
2017-10-27 19:24:38.114 - Warn:  Tx-Repeat -> Sensor:24799
2017-10-27 19:25:11.710 - Warn:  Tx-Repeat -> Sensor:15959
Fehler/home/pi/.iog/sensors/15959.level
2017-10-27 19:25:33.784 - Log:   Wifi-Kanal: 7
Fehler/home/pi/.iog/sensors/15959.level
2017-10-27 19:27:33.483 - Log:   Wifi-Kanal: 7
Fehler/home/pi/.iog/sensors/15959.level
2017-10-27 19:28:40.834 - Log:   Wifi-Kanal: 7
Fehler/home/pi/.iog/sensors/15959.level
2017-10-27 19:35:14.217 - Log:   Wifi-Kanal: 7
2017-10-27 19:35:27.476 - Warn:  Tx-Repeat -> Sensor:24799
2017-10-27 19:36:05.524 - Warn:  Tx-Repeat -> Sensor:15959
Fehler/home/pi/.iog/sensors/15959.level
2017-10-27 19:56:52.719 - Log:   Wifi-Kanal: 7
2017-10-27 19:57:07.726 - Warn:  Tx-Repeat -> Sensor:24799
2017-10-27 19:57:51.201 - Warn:  Tx-Repeat -> Sensor:15959
Fehler/home/pi/.iog/sensors/15959.level
2017-10-27 20:00:00.361 - Log:   Wifi-Kanal: 7
Fehler/home/pi/.iog/sensors/15959.level
2017-10-27 20:01:27.245 - Log:   Wifi-Kanal: 7
Fehler/home/pi/.iog/sensors/15959.level
2017-10-27 20:05:07.768 - Log:   Wifi-Kanal: 7
2017-10-28 07:26:15.100 - Warn:  Rescan Sensor: 24799
Fehler/home/pi/.iog/sensors/15959.level
2017-10-28 08:24:01.761 - Log:   Wifi-Kanal: 7
2017-10-28 08:38:30.253 - Warn:  Rescan Sensor: 24799
2017-10-28 08:42:45.095 - Warn:  Rescan Sensor: 24799
2017-10-28 08:52:54.085 - Log:   Wifi-Kanal: 7
Fehler/home/pi/.iog/sensors/15959.level
Fehler/home/pi/.iog/sensors/15959.level
2017-10-28 08:55:28.690 - Log:   Wifi-Kanal: 7
2017-10-28 08:56:48.555 - Warn:  Rescan Sensor: 61746
2017-10-28 08:56:48.755 - Warn:  Rescan Sensor: 61746
2017-10-28 08:56:48.851 - Warn:  Rescan Sensor: 61746
2017-10-28 08:59:23.604 - Warn:  Rescan Sensor: 61746
2017-10-28 09:02:03.762 - Warn:  Rescan Sensor: 24799
2017-10-28 09:02:03.848 - Warn:  Rescan Sensor: 24799
Fehler/home/pi/.iog/sensors/15959.level
2017-10-28 09:06:47.808 - Log:   Wifi-Kanal: 7
2017-10-28 09:18:36.584 - Warn:  Rescan Sensor: 61746
2017-10-28 09:35:39.236 - Warn:  Rescan Sensor: 15959
2017-10-28 09:39:25.082 - Warn:  Rescan Sensor: 24799
Fehler/home/pi/.iog/sensors/15959.level
2017-10-28 10:46:11.189 - Log:   Wifi-Kanal: 7
Fehler/home/pi/.iog/sensors/15959.level
2017-10-28 10:48:31.850 - Log:   Wifi-Kanal: 7
Fehler/home/pi/.iog/sensors/15959.level
2017-10-28 10:49:26.632 - Log:   Wifi-Kanal: 7
2017-10-28 10:49:30.067 - Warn:  Rescan Sensor: 24799
2017-10-28 10:49:30.167 - Warn:  Rescan Sensor: 24799
Fehler/home/pi/.iog/sensors/15959.level
2017-10-28 10:53:21.420 - Log:   Wifi-Kanal: 7
2017-10-28 11:37:29.505 - Warn:  Rescan Sensor: 61746
2017-10-28 11:38:45.208 - Warn:  Rescan Sensor: 15959
2017-10-28 11:38:45.317 - Warn:  Rescan Sensor: 15959
Fehler/home/pi/.iog/sensors/15959.level
2017-10-28 13:15:01.501 - Log:   Wifi-Kanal: 7
2017-10-28 13:15:10.330 - Warn:  Tx-Repeat -> Sensor:24799
2017-10-28 13:16:17.083 - Warn:  Tx-Repeat -> Sensor:61746
2017-10-28 13:18:44.341 - Warn:  Tx-Repeat -> Sensor:15959
Fehler/home/pi/.iog/sensors/15959.level
2017-10-28 14:02:30.896 - Log:   Wifi-Kanal: 7
Fehler/home/pi/.iog/sensors/15959.level
2017-10-28 14:07:39.349 - Log:   Wifi-Kanal: 7
Fehler/home/pi/.iog/sensors/15959.level
2017-10-28 14:13:19.290 - Log:   Wifi-Kanal: 7
2017-10-28 14:13:51.662 - Warn:  Rescan Sensor: 24799
Fehler/home/pi/.iog/sensors/15959.level
2017-10-28 14:15:25.903 - Log:   Wifi-Kanal: 7
Fehler/home/pi/.iog/sensors/15959.level
2017-10-28 14:18:01.538 - Log:   Wifi-Kanal: 7
2017-10-28 14:26:05.318 - Log:   Wifi-Kanal: 7
2017-10-28 14:44:57.990 - Warn:  Rescan Sensor: 61746
2017-10-28 14:46:02.405 - Warn:  Rescan Sensor: 15959
2017-10-28 14:46:02.504 - Warn:  Rescan Sensor: 15959
2017-10-28 18:21:44.604 - Log:   Wifi-Kanal: 7
2017-10-28 18:21:50.893 - Warn:  Tx-Repeat -> Sensor:24799
2017-10-28 18:22:07.074 - Warn:  Tx-Repeat -> Sensor:61746
2017-10-28 18:32:19.205 - Log:   Wifi-Kanal: 7
2017-10-28 18:33:11.285 - Warn:  Tx-Repeat -> Sensor:61746
